Arguments: 
  /usr/bin/node /usr/bin/yarn run ts-mocha -p ./tsconfig.json -t 1000000 tests/**/*.ts

PATH: 
  /home/rust_development/.local/share/solana/install/active_release/bin:/home/rust_development/.cargo/bin:/usr/local/sbin:/usr/local/bin:/usr/sbin:/usr/bin:/sbin:/bin:/usr/games:/usr/local/games:/usr/lib/wsl/lib:/mnt/c/windows/system32:/mnt/c/windows:/mnt/c/windows/System32/Wbem:/mnt/c/windows/System32/WindowsPowerShell/v1.0/:/mnt/c/windows/System32/OpenSSH/:/mnt/c/Program Files/Git/cmd:/mnt/c/ProgramData/chocolatey/bin:/mnt/c/Users/sahil/.local/share/solana/install/active_release/bin:/mnt/c/Users/sahil/.cargo/bin:/mnt/c/Users/sahil/AppData/Local/Programs/Python/Python310/Scripts/:/mnt/c/Users/sahil/AppData/Local/Programs/Python/Python310/:/mnt/c/Users/sahil/AppData/Local/Microsoft/WindowsApps:/mnt/c/Users/sahil/AppData/Local/Programs/Microsoft VS Code/bin:/snap/bin

Yarn version: 
  1.22.18

Node version: 
  16.14.2

Platform: 
  linux x64

Trace: 
  SyntaxError: /home/rust_development/code/calcSolana/package.json: Unexpected token } in JSON at position 223
      at JSON.parse (<anonymous>)
      at /usr/lib/node_modules/yarn/lib/cli.js:1625:59
      at Generator.next (<anonymous>)
      at step (/usr/lib/node_modules/yarn/lib/cli.js:310:30)
      at /usr/lib/node_modules/yarn/lib/cli.js:321:13

npm manifest: 
  {
      "dependencies": {
          "@project-serum/anchor": "^0.23.0"
      },
      "devDependencies": {
          "chai": "^4.3.4",
          "mocha": "^9.2.2",
          "@types/chai": "^4.3.0",
          "@types/mocha": "^9.0.0",
      }
  }

yarn manifest: 
  No manifest

Lockfile: 
  No lockfile
